<?xml version="1.0" encoding="UTF-8"?>
<testsuite xmlns:xsi="http://www.w3.org/2001/XMLSchema-instance" xsi:noNamespaceSchemaLocation="https://maven.apache.org/surefire/maven-surefire-plugin/xsd/surefire-test-report.xsd" version="3.0.2" name="com.model.TestTesting" time="0.049" tests="1" errors="0" skipped="0" failures="0">
  <properties>
    <property name="java.specification.version" value="25"/>
    <property name="sun.cpu.isalist" value="amd64"/>
    <property name="sun.jnu.encoding" value="Cp1252"/>
    <property name="java.class.path" value="C:\Users\slane\Documents\GitHub\The-Escapists\escapists\target\test-classes;C:\Users\slane\Documents\GitHub\The-Escapists\escapists\target\classes;C:\Users\slane\.m2\repository\junit\junit\4.13.2\junit-4.13.2.jar;C:\Users\slane\.m2\repository\org\hamcrest\hamcrest-core\1.3\hamcrest-core-1.3.jar;C:\Users\slane\.m2\repository\org\mobicents\external\freetts\freetts\1.0\freetts-1.0.jar;C:\Users\slane\.m2\repository\org\mobicents\external\freetts\en_us\1.0\en_us-1.0.jar;C:\Users\slane\.m2\repository\org\mobicents\external\freetts\cmu_us_kal\1.0\cmu_us_kal-1.0.jar;C:\Users\slane\.m2\repository\org\mobicents\external\freetts\cmulex\1.0\cmulex-1.0.jar;C:\Users\slane\.m2\repository\org\mobicents\external\freetts\cmudict04\1.0\cmudict04-1.0.jar;C:\Users\slane\.m2\repository\com\googlecode\json-simple\json-simple\1.1.1\json-simple-1.1.1.jar;C:\Users\slane\.m2\repository\org\openjfx\javafx-controls\21\javafx-controls-21.jar;C:\Users\slane\.m2\repository\org\openjfx\javafx-controls\21\javafx-controls-21-win.jar;C:\Users\slane\.m2\repository\org\openjfx\javafx-graphics\21\javafx-graphics-21.jar;C:\Users\slane\.m2\repository\org\openjfx\javafx-graphics\21\javafx-graphics-21-win.jar;C:\Users\slane\.m2\repository\org\openjfx\javafx-base\21\javafx-base-21.jar;C:\Users\slane\.m2\repository\org\openjfx\javafx-base\21\javafx-base-21-win.jar;C:\Users\slane\.m2\repository\org\openjfx\javafx-fxml\21\javafx-fxml-21.jar;C:\Users\slane\.m2\repository\org\openjfx\javafx-fxml\21\javafx-fxml-21-win.jar;"/>
    <property name="java.vm.vendor" value="Oracle Corporation"/>
    <property name="sun.arch.data.model" value="64"/>
    <property name="user.variant" value=""/>
    <property name="java.vendor.url" value="https://java.oracle.com/"/>
    <property name="user.timezone" value="America/New_York"/>
    <property name="os.name" value="Windows 11"/>
    <property name="java.vm.specification.version" value="25"/>
    <property name="user.country" value="US"/>
    <property name="sun.java.launcher" value="SUN_STANDARD"/>
    <property name="sun.boot.library.path" value="C:\oracleJdk-25\bin"/>
    <property name="sun.java.command" value="C:\Users\slane\AppData\Local\Temp\surefire677022454296890168\surefirebooter-20251030090033350_3.jar C:\Users\slane\AppData\Local\Temp\surefire677022454296890168 2025-10-30T09-00-33_244-jvmRun1 surefire-20251030090033350_1tmp surefire_0-20251030090033350_2tmp"/>
    <property name="jdk.debug" value="release"/>
    <property name="test" value="com.model.TestTesting#testTesting"/>
    <property name="surefire.test.class.path" value="C:\Users\slane\Documents\GitHub\The-Escapists\escapists\target\test-classes;C:\Users\slane\Documents\GitHub\The-Escapists\escapists\target\classes;C:\Users\slane\.m2\repository\junit\junit\4.13.2\junit-4.13.2.jar;C:\Users\slane\.m2\repository\org\hamcrest\hamcrest-core\1.3\hamcrest-core-1.3.jar;C:\Users\slane\.m2\repository\org\mobicents\external\freetts\freetts\1.0\freetts-1.0.jar;C:\Users\slane\.m2\repository\org\mobicents\external\freetts\en_us\1.0\en_us-1.0.jar;C:\Users\slane\.m2\repository\org\mobicents\external\freetts\cmu_us_kal\1.0\cmu_us_kal-1.0.jar;C:\Users\slane\.m2\repository\org\mobicents\external\freetts\cmulex\1.0\cmulex-1.0.jar;C:\Users\slane\.m2\repository\org\mobicents\external\freetts\cmudict04\1.0\cmudict04-1.0.jar;C:\Users\slane\.m2\repository\com\googlecode\json-simple\json-simple\1.1.1\json-simple-1.1.1.jar;C:\Users\slane\.m2\repository\org\openjfx\javafx-controls\21\javafx-controls-21.jar;C:\Users\slane\.m2\repository\org\openjfx\javafx-controls\21\javafx-controls-21-win.jar;C:\Users\slane\.m2\repository\org\openjfx\javafx-graphics\21\javafx-graphics-21.jar;C:\Users\slane\.m2\repository\org\openjfx\javafx-graphics\21\javafx-graphics-21-win.jar;C:\Users\slane\.m2\repository\org\openjfx\javafx-base\21\javafx-base-21.jar;C:\Users\slane\.m2\repository\org\openjfx\javafx-base\21\javafx-base-21-win.jar;C:\Users\slane\.m2\repository\org\openjfx\javafx-fxml\21\javafx-fxml-21.jar;C:\Users\slane\.m2\repository\org\openjfx\javafx-fxml\21\javafx-fxml-21-win.jar;"/>
    <property name="sun.cpu.endian" value="little"/>
    <property name="user.home" value="C:\Users\slane"/>
    <property name="user.language" value="en"/>
    <property name="java.specification.vendor" value="Oracle Corporation"/>
    <property name="java.version.date" value="2025-09-16"/>
    <property name="java.home" value="C:\oracleJdk-25"/>
    <property name="file.separator" value="\"/>
    <property name="basedir" value="C:\Users\slane\Documents\GitHub\The-Escapists\escapists"/>
    <property name="java.vm.compressedOopsMode" value="Zero based"/>
    <property name="line.separator" value="&#10;"/>
    <property name="java.vm.specification.vendor" value="Oracle Corporation"/>
    <property name="java.specification.name" value="Java Platform API Specification"/>
    <property name="surefire.real.class.path" value="C:\Users\slane\AppData\Local\Temp\surefire677022454296890168\surefirebooter-20251030090033350_3.jar"/>
    <property name="user.script" value=""/>
    <property name="sun.management.compiler" value="HotSpot 64-Bit Tiered Compilers"/>
    <property name="java.runtime.version" value="25+37-LTS-3491"/>
    <property name="user.name" value="slane"/>
    <property name="stdout.encoding" value="Cp1252"/>
    <property name="path.separator" value=";"/>
    <property name="os.version" value="10.0"/>
    <property name="java.runtime.name" value="Java(TM) SE Runtime Environment"/>
    <property name="file.encoding" value="UTF-8"/>
    <property name="java.vm.name" value="Java HotSpot(TM) 64-Bit Server VM"/>
    <property name="maven.ext.class.path" value="C:\Users\slane\.vscode-oss\extensions\oracle.oracle-java-24.1.2-universal\nbcode\java\maven-nblib\netbeans-eventspy.jar"/>
    <property name="localRepository" value="C:\Users\slane\.m2\repository"/>
    <property name="java.vendor.url.bug" value="https://bugreport.java.com/bugreport/"/>
    <property name="java.io.tmpdir" value="C:\Users\slane\AppData\Local\Temp\"/>
    <property name="java.version" value="25"/>
    <property name="user.dir" value="C:\Users\slane\Documents\GitHub\The-Escapists\escapists"/>
    <property name="os.arch" value="amd64"/>
    <property name="java.vm.specification.name" value="Java Virtual Machine Specification"/>
    <property name="sun.os.patch.level" value=""/>
    <property name="native.encoding" value="Cp1252"/>
    <property name="java.library.path" value="C:\oracleJdk-25\bin;C:\Windows\Sun\Java\bin;C:\Windows\system32;C:\Windows;C:\Program Files\Common Files\Oracle\Java\javapath;C:\Windows\system32;C:\Windows;C:\Windows\System32\Wbem;C:\Windows\System32\WindowsPowerShell\v1.0\;C:\Windows\System32\OpenSSH\;C:\Program Files\dotnet\;C:\Program Files (x86)\NVIDIA Corporation\PhysX\Common;C:\Program Files\NVIDIA Corporation\NVIDIA NvDLISR;C:\Users\slane\AppData\Local\Microsoft\WindowsApps;C:\Users\slane\AppData\Local\GitHubDesktop\bin;C:\Users\slane\AppData\Local\Programs\VSCodium\bin;."/>
    <property name="java.vm.info" value="mixed mode, sharing"/>
    <property name="stderr.encoding" value="Cp1252"/>
    <property name="java.vendor" value="Oracle Corporation"/>
    <property name="java.vm.version" value="25+37-LTS-3491"/>
    <property name="stdin.encoding" value="Cp1252"/>
    <property name="sun.io.unicode.encoding" value="UnicodeLittle"/>
    <property name="java.class.version" value="69.0"/>
  </properties>
  <testcase name="testTesting" classname="com.model.TestTesting" time="0.003"/>
</testsuite>